<?xml version="1.0" encoding="UTF-8"?>
<coverage generated="1677625259823" clover="3.2.0">
  <project timestamp="1677625259823" name="All files">
    <metrics statements="25" coveredstatements="18" conditionals="4" coveredconditionals="1" methods="6" coveredmethods="4" elements="35" coveredelements="23" complexity="0" loc="25" ncloc="25" packages="1" files="2" classes="2"/>
    <file name="UserDAO.js" path="M:\Web-Project-Assignment-main - Copy\UserDAO.js">
      <metrics statements="14" coveredstatements="11" conditionals="0" coveredconditionals="0" methods="3" coveredmethods="3"/>
      <line num="1" count="1" type="stmt"/>
      <line num="2" count="1" type="stmt"/>
      <line num="4" count="1" type="stmt"/>
      <line num="11" count="1" type="stmt"/>
      <line num="13" count="1" type="stmt"/>
      <line num="14" count="1" type="stmt"/>
      <line num="15" count="1" type="stmt"/>
      <line num="16" count="0" type="stmt"/>
      <line num="19" count="1" type="stmt"/>
      <line num="20" count="2" type="stmt"/>
      <line num="22" count="0" type="stmt"/>
      <line num="25" count="1" type="stmt"/>
      <line num="26" count="1" type="stmt"/>
      <line num="27" count="0" type="stmt"/>
    </file>
    <file name="dbConnect.js" path="M:\Web-Project-Assignment-main - Copy\dbConnect.js">
      <metrics statements="11" coveredstatements="7" conditionals="4" coveredconditionals="1" methods="3" coveredmethods="1"/>
      <line num="1" count="1" type="stmt"/>
      <line num="2" count="1" type="stmt"/>
      <line num="4" count="1" type="stmt"/>
      <line num="5" count="1" type="stmt"/>
      <line num="6" count="1" type="cond" truecount="1" falsecount="1"/>
      <line num="8" count="0" type="stmt"/>
      <line num="9" count="0" type="stmt"/>
      <line num="11" count="1" type="stmt"/>
      <line num="12" count="0" type="cond" truecount="0" falsecount="2"/>
      <line num="15" count="1" type="stmt"/>
      <line num="16" count="0" type="stmt"/>
    </file>
  </project>
</coverage>
