{"M:\\Web-Project-Assignment-main\\Model\\UserDAO.js": {"path":"M:\\Web-Project-Assignment-main\\Model\\UserDAO.js","statementMap":{"0":{"start":{"line":2,"column":17},"end":{"line":2,"column":36}},"1":{"start":{"line":4,"column":19},"end":{"line":8,"column":2}},"2":{"start":{"line":10,"column":18},"end":{"line":10,"column":51}},"3":{"start":{"line":14,"column":0},"end":{"line":17,"column":1}},"4":{"start":{"line":15,"column":15},"end":{"line":15,"column":43}},"5":{"start":{"line":16,"column":4},"end":{"line":16,"column":16}},"6":{"start":{"line":19,"column":0},"end":{"line":23,"column":1}},"7":{"start":{"line":20,"column":17},"end":{"line":20,"column":39}},"8":{"start":{"line":21,"column":4},"end":{"line":21,"column":22}},"9":{"start":{"line":22,"column":4},"end":{"line":22,"column":16}},"10":{"start":{"line":25,"column":0},"end":{"line":29,"column":1}},"11":{"start":{"line":26,"column":19},"end":{"line":26,"column":96}},"12":{"start":{"line":27,"column":15},"end":{"line":27,"column":61}},"13":{"start":{"line":28,"column":4},"end":{"line":28,"column":16}},"14":{"start":{"line":31,"column":0},"end":{"line":34,"column":1}},"15":{"start":{"line":32,"column":15},"end":{"line":32,"column":68}},"16":{"start":{"line":33,"column":4},"end":{"line":33,"column":16}},"17":{"start":{"line":36,"column":0},"end":{"line":39,"column":1}},"18":{"start":{"line":37,"column":15},"end":{"line":37,"column":51}},"19":{"start":{"line":38,"column":4},"end":{"line":38,"column":16}},"20":{"start":{"line":41,"column":0},"end":{"line":43,"column":1}},"21":{"start":{"line":42,"column":4},"end":{"line":42,"column":33}}},"fnMap":{"0":{"name":"(anonymous_0)","decl":{"start":{"line":14,"column":15},"end":{"line":14,"column":16}},"loc":{"start":{"line":14,"column":33},"end":{"line":17,"column":1}},"line":14},"1":{"name":"(anonymous_1)","decl":{"start":{"line":19,"column":17},"end":{"line":19,"column":18}},"loc":{"start":{"line":19,"column":40},"end":{"line":23,"column":1}},"line":19},"2":{"name":"(anonymous_2)","decl":{"start":{"line":25,"column":17},"end":{"line":25,"column":18}},"loc":{"start":{"line":25,"column":39},"end":{"line":29,"column":1}},"line":25},"3":{"name":"(anonymous_3)","decl":{"start":{"line":31,"column":16},"end":{"line":31,"column":17}},"loc":{"start":{"line":31,"column":43},"end":{"line":34,"column":1}},"line":31},"4":{"name":"(anonymous_4)","decl":{"start":{"line":36,"column":15},"end":{"line":36,"column":16}},"loc":{"start":{"line":36,"column":33},"end":{"line":39,"column":1}},"line":36},"5":{"name":"(anonymous_5)","decl":{"start":{"line":41,"column":20},"end":{"line":41,"column":21}},"loc":{"start":{"line":41,"column":36},"end":{"line":43,"column":1}},"line":41}},"branchMap":{},"s":{"0":1,"1":1,"2":1,"3":1,"4":4,"5":4,"6":1,"7":1,"8":1,"9":1,"10":1,"11":1,"12":1,"13":1,"14":1,"15":1,"16":1,"17":1,"18":1,"19":1,"20":1,"21":1},"f":{"0":4,"1":1,"2":1,"3":1,"4":1,"5":1},"b":{},"_coverageSchema":"1a1c01bbd47fc00a2c39e90264f33305004495a9","hash":"001b0a2cdc44f09bac3e97c2c2ad810ae83f1130"}
,"M:\\Web-Project-Assignment-main\\Model\\dbConnect.js": {"path":"M:\\Web-Project-Assignment-main\\Model\\dbConnect.js","statementMap":{"0":{"start":{"line":1,"column":0},"end":{"line":1,"column":27}},"1":{"start":{"line":2,"column":17},"end":{"line":2,"column":36}},"2":{"start":{"line":4,"column":0},"end":{"line":10,"column":1}},"3":{"start":{"line":5,"column":14},"end":{"line":5,"column":32}},"4":{"start":{"line":7,"column":4},"end":{"line":9,"column":7}},"5":{"start":{"line":8,"column":8},"end":{"line":8,"column":33}},"6":{"start":{"line":8,"column":16},"end":{"line":8,"column":33}},"7":{"start":{"line":12,"column":0},"end":{"line":14,"column":1}},"8":{"start":{"line":13,"column":4},"end":{"line":13,"column":38}}},"fnMap":{"0":{"name":"(anonymous_0)","decl":{"start":{"line":4,"column":18},"end":{"line":4,"column":19}},"loc":{"start":{"line":4,"column":33},"end":{"line":10,"column":1}},"line":4},"1":{"name":"(anonymous_1)","decl":{"start":{"line":7,"column":25},"end":{"line":7,"column":26}},"loc":{"start":{"line":7,"column":38},"end":{"line":9,"column":5}},"line":7},"2":{"name":"(anonymous_2)","decl":{"start":{"line":12,"column":21},"end":{"line":12,"column":22}},"loc":{"start":{"line":12,"column":37},"end":{"line":14,"column":1}},"line":12}},"branchMap":{"0":{"loc":{"start":{"line":8,"column":8},"end":{"line":8,"column":33}},"type":"if","locations":[{"start":{"line":8,"column":8},"end":{"line":8,"column":33}},{"start":{},"end":{}}],"line":8}},"s":{"0":1,"1":1,"2":1,"3":1,"4":1,"5":1,"6":0,"7":1,"8":1},"f":{"0":1,"1":1,"2":1},"b":{"0":[0,1]},"_coverageSchema":"1a1c01bbd47fc00a2c39e90264f33305004495a9","hash":"ee36d1eb1641cecfe866b22e2688989af7485d0b"}
,"M:\\Web-Project-Assignment-main\\Util\\Password.js": {"path":"M:\\Web-Project-Assignment-main\\Util\\Password.js","statementMap":{"0":{"start":{"line":1,"column":0},"end":{"line":1,"column":27}},"1":{"start":{"line":2,"column":15},"end":{"line":2,"column":32}},"2":{"start":{"line":4,"column":0},"end":{"line":7,"column":1}},"3":{"start":{"line":5,"column":21},"end":{"line":5,"column":60}},"4":{"start":{"line":6,"column":4},"end":{"line":6,"column":22}}},"fnMap":{"0":{"name":"(anonymous_0)","decl":{"start":{"line":4,"column":23},"end":{"line":4,"column":24}},"loc":{"start":{"line":4,"column":37},"end":{"line":7,"column":1}},"line":4}},"branchMap":{},"s":{"0":1,"1":1,"2":1,"3":4,"4":4},"f":{"0":4},"b":{},"_coverageSchema":"1a1c01bbd47fc00a2c39e90264f33305004495a9","hash":"988d5c7d7929e1f20c53bddf78a008208f88f387"}
,"M:\\Web-Project-Assignment-main\\View\\Calculations.js": {"path":"M:\\Web-Project-Assignment-main\\View\\Calculations.js","statementMap":{"0":{"start":{"line":2,"column":0},"end":{"line":15,"column":2}},"1":{"start":{"line":3,"column":2},"end":{"line":3,"column":15}},"2":{"start":{"line":5,"column":2},"end":{"line":5,"column":26}},"3":{"start":{"line":6,"column":2},"end":{"line":6,"column":26}},"4":{"start":{"line":7,"column":2},"end":{"line":7,"column":24}},"5":{"start":{"line":8,"column":2},"end":{"line":8,"column":22}},"6":{"start":{"line":10,"column":2},"end":{"line":14,"column":3}},"7":{"start":{"line":11,"column":4},"end":{"line":11,"column":28}},"8":{"start":{"line":13,"column":4},"end":{"line":13,"column":124}},"9":{"start":{"line":18,"column":0},"end":{"line":38,"column":2}},"10":{"start":{"line":19,"column":2},"end":{"line":19,"column":15}},"11":{"start":{"line":21,"column":2},"end":{"line":21,"column":26}},"12":{"start":{"line":22,"column":2},"end":{"line":22,"column":26}},"13":{"start":{"line":23,"column":2},"end":{"line":23,"column":24}},"14":{"start":{"line":24,"column":2},"end":{"line":24,"column":22}},"15":{"start":{"line":27,"column":2},"end":{"line":36,"column":3}},"16":{"start":{"line":28,"column":4},"end":{"line":28,"column":29}},"17":{"start":{"line":30,"column":15},"end":{"line":30,"column":39}},"18":{"start":{"line":31,"column":4},"end":{"line":35,"column":5}},"19":{"start":{"line":32,"column":6},"end":{"line":32,"column":64}},"20":{"start":{"line":34,"column":6},"end":{"line":34,"column":51}},"21":{"start":{"line":37,"column":2},"end":{"line":37,"column":30}},"22":{"start":{"line":40,"column":0},"end":{"line":75,"column":2}},"23":{"start":{"line":42,"column":2},"end":{"line":42,"column":22}},"24":{"start":{"line":43,"column":2},"end":{"line":43,"column":22}},"25":{"start":{"line":44,"column":2},"end":{"line":44,"column":24}},"26":{"start":{"line":45,"column":2},"end":{"line":45,"column":24}},"27":{"start":{"line":47,"column":2},"end":{"line":72,"column":3}},"28":{"start":{"line":48,"column":4},"end":{"line":48,"column":14}},"29":{"start":{"line":49,"column":4},"end":{"line":49,"column":23}},"30":{"start":{"line":50,"column":4},"end":{"line":50,"column":25}},"31":{"start":{"line":54,"column":7},"end":{"line":72,"column":3}},"32":{"start":{"line":55,"column":4},"end":{"line":55,"column":15}},"33":{"start":{"line":56,"column":4},"end":{"line":56,"column":22}},"34":{"start":{"line":57,"column":4},"end":{"line":57,"column":25}},"35":{"start":{"line":60,"column":7},"end":{"line":72,"column":3}},"36":{"start":{"line":62,"column":4},"end":{"line":62,"column":15}},"37":{"start":{"line":63,"column":4},"end":{"line":63,"column":23}},"38":{"start":{"line":64,"column":4},"end":{"line":64,"column":26}},"39":{"start":{"line":68,"column":4},"end":{"line":68,"column":15}},"40":{"start":{"line":69,"column":4},"end":{"line":69,"column":22}},"41":{"start":{"line":70,"column":4},"end":{"line":70,"column":25}},"42":{"start":{"line":73,"column":2},"end":{"line":73,"column":73}},"43":{"start":{"line":77,"column":0},"end":{"line":82,"column":1}},"44":{"start":{"line":79,"column":2},"end":{"line":79,"column":12}},"45":{"start":{"line":84,"column":0},"end":{"line":89,"column":1}},"46":{"start":{"line":86,"column":2},"end":{"line":86,"column":12}},"47":{"start":{"line":91,"column":0},"end":{"line":96,"column":1}},"48":{"start":{"line":93,"column":2},"end":{"line":93,"column":12}},"49":{"start":{"line":98,"column":0},"end":{"line":103,"column":1}},"50":{"start":{"line":100,"column":2},"end":{"line":100,"column":12}},"51":{"start":{"line":105,"column":0},"end":{"line":109,"column":1}},"52":{"start":{"line":107,"column":2},"end":{"line":107,"column":12}},"53":{"start":{"line":111,"column":0},"end":{"line":115,"column":1}},"54":{"start":{"line":113,"column":2},"end":{"line":113,"column":12}},"55":{"start":{"line":117,"column":0},"end":{"line":121,"column":1}},"56":{"start":{"line":119,"column":2},"end":{"line":119,"column":12}},"57":{"start":{"line":123,"column":0},"end":{"line":127,"column":1}},"58":{"start":{"line":125,"column":2},"end":{"line":125,"column":12}},"59":{"start":{"line":129,"column":0},"end":{"line":133,"column":1}},"60":{"start":{"line":131,"column":2},"end":{"line":131,"column":12}},"61":{"start":{"line":135,"column":0},"end":{"line":139,"column":1}},"62":{"start":{"line":137,"column":2},"end":{"line":137,"column":12}},"63":{"start":{"line":141,"column":0},"end":{"line":145,"column":1}},"64":{"start":{"line":143,"column":2},"end":{"line":143,"column":12}}},"fnMap":{"0":{"name":"(anonymous_0)","decl":{"start":{"line":2,"column":13},"end":{"line":2,"column":14}},"loc":{"start":{"line":2,"column":49},"end":{"line":15,"column":1}},"line":2},"1":{"name":"(anonymous_1)","decl":{"start":{"line":18,"column":13},"end":{"line":18,"column":14}},"loc":{"start":{"line":18,"column":48},"end":{"line":38,"column":1}},"line":18},"2":{"name":"(anonymous_2)","decl":{"start":{"line":40,"column":13},"end":{"line":40,"column":14}},"loc":{"start":{"line":40,"column":46},"end":{"line":75,"column":1}},"line":40},"3":{"name":"(anonymous_3)","decl":{"start":{"line":77,"column":14},"end":{"line":77,"column":15}},"loc":{"start":{"line":77,"column":75},"end":{"line":82,"column":1}},"line":77},"4":{"name":"(anonymous_4)","decl":{"start":{"line":84,"column":14},"end":{"line":84,"column":15}},"loc":{"start":{"line":84,"column":53},"end":{"line":89,"column":1}},"line":84},"5":{"name":"(anonymous_5)","decl":{"start":{"line":91,"column":15},"end":{"line":91,"column":16}},"loc":{"start":{"line":91,"column":66},"end":{"line":96,"column":1}},"line":91},"6":{"name":"(anonymous_6)","decl":{"start":{"line":98,"column":14},"end":{"line":98,"column":15}},"loc":{"start":{"line":98,"column":51},"end":{"line":103,"column":1}},"line":98},"7":{"name":"(anonymous_7)","decl":{"start":{"line":105,"column":20},"end":{"line":105,"column":21}},"loc":{"start":{"line":105,"column":59},"end":{"line":109,"column":1}},"line":105},"8":{"name":"(anonymous_8)","decl":{"start":{"line":111,"column":19},"end":{"line":111,"column":20}},"loc":{"start":{"line":111,"column":84},"end":{"line":115,"column":1}},"line":111},"9":{"name":"(anonymous_9)","decl":{"start":{"line":117,"column":14},"end":{"line":117,"column":15}},"loc":{"start":{"line":117,"column":55},"end":{"line":121,"column":1}},"line":117},"10":{"name":"(anonymous_10)","decl":{"start":{"line":123,"column":14},"end":{"line":123,"column":15}},"loc":{"start":{"line":123,"column":70},"end":{"line":127,"column":1}},"line":123},"11":{"name":"(anonymous_11)","decl":{"start":{"line":129,"column":15},"end":{"line":129,"column":16}},"loc":{"start":{"line":129,"column":80},"end":{"line":133,"column":1}},"line":129},"12":{"name":"(anonymous_12)","decl":{"start":{"line":135,"column":14},"end":{"line":135,"column":15}},"loc":{"start":{"line":135,"column":53},"end":{"line":139,"column":1}},"line":135},"13":{"name":"(anonymous_13)","decl":{"start":{"line":141,"column":15},"end":{"line":141,"column":16}},"loc":{"start":{"line":141,"column":56},"end":{"line":145,"column":1}},"line":141}},"branchMap":{"0":{"loc":{"start":{"line":3,"column":7},"end":{"line":3,"column":14}},"type":"binary-expr","locations":[{"start":{"line":3,"column":7},"end":{"line":3,"column":9}},{"start":{"line":3,"column":13},"end":{"line":3,"column":14}}],"line":3},"1":{"loc":{"start":{"line":10,"column":2},"end":{"line":14,"column":3}},"type":"if","locations":[{"start":{"line":10,"column":2},"end":{"line":14,"column":3}},{"start":{"line":12,"column":9},"end":{"line":14,"column":3}}],"line":10},"2":{"loc":{"start":{"line":19,"column":7},"end":{"line":19,"column":14}},"type":"binary-expr","locations":[{"start":{"line":19,"column":7},"end":{"line":19,"column":9}},{"start":{"line":19,"column":13},"end":{"line":19,"column":14}}],"line":19},"3":{"loc":{"start":{"line":27,"column":2},"end":{"line":36,"column":3}},"type":"if","locations":[{"start":{"line":27,"column":2},"end":{"line":36,"column":3}},{"start":{"line":29,"column":9},"end":{"line":36,"column":3}}],"line":27},"4":{"loc":{"start":{"line":31,"column":4},"end":{"line":35,"column":5}},"type":"if","locations":[{"start":{"line":31,"column":4},"end":{"line":35,"column":5}},{"start":{"line":33,"column":11},"end":{"line":35,"column":5}}],"line":31},"5":{"loc":{"start":{"line":47,"column":2},"end":{"line":72,"column":3}},"type":"if","locations":[{"start":{"line":47,"column":2},"end":{"line":72,"column":3}},{"start":{"line":54,"column":7},"end":{"line":72,"column":3}}],"line":47},"6":{"loc":{"start":{"line":54,"column":7},"end":{"line":72,"column":3}},"type":"if","locations":[{"start":{"line":54,"column":7},"end":{"line":72,"column":3}},{"start":{"line":60,"column":7},"end":{"line":72,"column":3}}],"line":54},"7":{"loc":{"start":{"line":60,"column":7},"end":{"line":72,"column":3}},"type":"if","locations":[{"start":{"line":60,"column":7},"end":{"line":72,"column":3}},{"start":{"line":67,"column":6},"end":{"line":72,"column":3}}],"line":60}},"s":{"0":1,"1":2,"2":2,"3":2,"4":2,"5":2,"6":2,"7":1,"8":1,"9":1,"10":1,"11":1,"12":1,"13":1,"14":1,"15":1,"16":0,"17":1,"18":1,"19":0,"20":1,"21":1,"22":1,"23":1,"24":1,"25":1,"26":1,"27":1,"28":1,"29":1,"30":1,"31":0,"32":0,"33":0,"34":0,"35":0,"36":0,"37":0,"38":0,"39":0,"40":0,"41":0,"42":1,"43":1,"44":0,"45":1,"46":0,"47":1,"48":0,"49":1,"50":0,"51":1,"52":0,"53":1,"54":0,"55":1,"56":0,"57":1,"58":0,"59":1,"60":0,"61":1,"62":0,"63":1,"64":0},"f":{"0":2,"1":1,"2":1,"3":0,"4":0,"5":0,"6":0,"7":0,"8":0,"9":0,"10":0,"11":0,"12":0,"13":0},"b":{"0":[2,0],"1":[1,1],"2":[1,0],"3":[0,1],"4":[0,1],"5":[1,0],"6":[0,0],"7":[0,0]},"_coverageSchema":"1a1c01bbd47fc00a2c39e90264f33305004495a9","hash":"ef82a2da9b6ebf5b5db812ce244e4e805257a1b5"}
}
