TN:
SF:UserDAO.js
FN:13,(anonymous_0)
FN:19,(anonymous_1)
FN:25,(anonymous_2)
FNF:3
FNH:3
FNDA:1,(anonymous_0)
FNDA:2,(anonymous_1)
FNDA:1,(anonymous_2)
DA:1,1
DA:2,1
DA:4,1
DA:11,1
DA:13,1
DA:14,1
DA:15,1
DA:16,0
DA:19,1
DA:20,2
DA:22,0
DA:25,1
DA:26,1
DA:27,0
LF:14
LH:11
BRF:0
BRH:0
end_of_record
TN:
SF:dbConnect.js
FN:4,(anonymous_0)
FN:11,(anonymous_1)
FN:15,(anonymous_2)
FNF:3
FNH:1
FNDA:1,(anonymous_0)
FNDA:0,(anonymous_1)
FNDA:0,(anonymous_2)
DA:1,1
DA:2,1
DA:4,1
DA:5,1
DA:6,1
DA:8,0
DA:9,0
DA:11,1
DA:12,0
DA:15,1
DA:16,0
LF:11
LH:7
BRDA:6,0,0,0
BRDA:6,0,1,1
BRDA:12,1,0,0
BRDA:12,1,1,0
BRF:4
BRH:1
end_of_record
